#
# There is insufficient memory for the Java Runtime Environment to continue.
# Native memory allocation (mmap) failed to map 266338304 bytes for G1 virtual space
# Possible reasons:
#   The system is out of physical RAM or swap space
#   The process is running with CompressedOops enabled, and the Java Heap may be blocking the growth of the native heap
# Possible solutions:
#   Reduce memory load on the system
#   Increase physical memory or swap space
#   Check if swap backing store is full
#   Decrease Java heap size (-Xmx/-Xms)
#   Decrease number of Java threads
#   Decrease Java thread stack sizes (-Xss)
#   Set larger code cache with -XX:ReservedCodeCacheSize=
#   JVM is running with Zero Based Compressed Oops mode in which the Java heap is
#     placed in the first 32GB address space. The Java Heap base address is the
#     maximum limit for the native heap growth. Please use -XX:HeapBaseMinAddress
#     to set the Java Heap base and to place the Java Heap above 32GB virtual address.
# This output file may be truncated or incomplete.
#
#  Out of Memory Error (os_windows.cpp:3600), pid=18948, tid=24956
#
# JRE version:  (21.0.1+12) (build )
# Java VM: Java HotSpot(TM) 64-Bit Server VM (21.0.1+12-LTS-29, mixed mode, sharing, tiered, compressed oops, compressed class ptrs, g1 gc, windows-amd64)
# No core dump will be written. Minidumps are not enabled by default on client versions of Windows
#

---------------  S U M M A R Y ------------

Command Line: -Dfile.encoding=UTF-8 -Dstdout.encoding=UTF-8 -Dstderr.encoding=UTF-8 -XX:+ShowCodeDetailsInExceptionMessages com.eomcs.lang.ex02.Exam0300

Host: Intel(R) Core(TM) i5-8265U CPU @ 1.60GHz, 8 cores, 15G,  Windows 11 , 64 bit Build 22621 (10.0.22621.2506)
Time: Sun Jan 21 00:20:28 2024  Windows 11 , 64 bit Build 22621 (10.0.22621.2506) elapsed time: 0.031009 seconds (0d 0h 0m 0s)

---------------  T H R E A D  ---------------

Current thread (0x000001b81d38f2b0):  JavaThread "Unknown thread" [_thread_in_vm, id=24956, stack(0x000000763a000000,0x000000763a100000) (1024K)]

Stack: [0x000000763a000000,0x000000763a100000]
Native frames: (J=compiled Java code, j=interpreted, Vv=VM code, C=native code)
V  [jvm.dll+0x6c9029]
V  [jvm.dll+0x854b81]
V  [jvm.dll+0x856e5e]
V  [jvm.dll+0x857543]
V  [jvm.dll+0x280c06]
V  [jvm.dll+0x6c5715]
V  [jvm.dll+0x6ba10a]
V  [jvm.dll+0x3557ea]
V  [jvm.dll+0x35d436]
V  [jvm.dll+0x3ae1be]
V  [jvm.dll+0x3ae468]
V  [jvm.dll+0x3291fc]
V  [jvm.dll+0x329d8b]
V  [jvm.dll+0x81d179]
V  [jvm.dll+0x3bb4f1]
V  [jvm.dll+0x805ae8]
V  [jvm.dll+0x44effe]
V  [jvm.dll+0x450901]
C  [jli.dll+0x52a3]
C  [ucrtbase.dll+0x29363]
C  [KERNEL32.DLL+0x1257d]
C  [ntdll.dll+0x5aa58]


---------------  P R O C E S S  ---------------

Threads class SMR info:
_java_thread_list=0x00007ffc54b39b88, length=0, elements={
}

Java Threads: ( => current thread )
Total: 0

Other Threads:
  0x000001b81d3f2d40 WorkerThread "GC Thread#0"                     [id=26556, stack(0x000000763a100000,0x000000763a200000) (1024K)]
  0x000001b81d442010 ConcurrentGCThread "G1 Main Marker"            [id=26032, stack(0x000000763a200000,0x000000763a300000) (1024K)]
  0x000001b81d442b10 WorkerThread "G1 Conc#0"                       [id=23704, stack(0x000000763a300000,0x000000763a400000) (1024K)]

[error occurred during error reporting (printing all threads), id 0xc0000005, EXCEPTION_ACCESS_VIOLATION (0xc0000005) at pc=0x00007ffc542ac2c7]
VM state: not at safepoint (not fully initialized)

VM Mutex/Monitor currently owned by a thread:  ([mutex/lock_event])
[0x00007ffc54baa6f8] Heap_lock - owner thread: 0x000001b81d38f2b0

Heap address: 0x0000000703200000, size: 4046 MB, Compressed Oops mode: Zero based, Oop shift amount: 3

CDS archive(s) mapped at: [0x0000000000000000-0x0000000000000000-0x0000000000000000), size 0, SharedBaseAddress: 0x0000000800000000, ArchiveRelocationMode: 1.
Narrow klass base: 0x0000000000000000, Narrow klass shift: 0, Narrow klass range: 0x0

GC Precious Log:
 CardTable entry size: 512
 Card Set container configuration: InlinePtr #cards 4 size 8 Array Of Cards #cards 16 size 48 Howl #buckets 8 coarsen threshold 3686 Howl Bitmap #cards 512 size 80 coarsen threshold 460 Card regions per heap region 1 cards per card region 4096

Heap:
 garbage-first heap   total 0K, used 0K [0x0000000703200000, 0x0000000800000000)
  region size 2048K, 0 young (0K), 0 survivors (0K)

[error occurred during error reporting (printing heap information), id 0xc0000005, EXCEPTION_ACCESS_VIOLATION (0xc0000005) at pc=0x00007ffc54691be9]
GC Heap History (0 events):
No events

Dll operation events (1 events):
Event: 0.022 Loaded shared library C:\Program Files\Java\jdk-21\bin\java.dll

Deoptimization events (0 events):
No events

Classes loaded (0 events):
No events

Classes unloaded (0 events):
No events

Classes redefined (0 events):
No events

Internal exceptions (0 events):
No events

ZGC Phase Switch (0 events):
No events

VM Operations (0 events):
No events

Events (0 events):
No events


Dynamic libraries:
0x00007ff7d1650000 - 0x00007ff7d1660000 	C:\Program Files\Java\jdk-21\bin\javaw.exe
0x00007ffce0bf0000 - 0x00007ffce0e07000 	C:\WINDOWS\SYSTEM32\ntdll.dll
0x00007ffcdfac0000 - 0x00007ffcdfb84000 	C:\WINDOWS\System32\KERNEL32.DLL
0x00007ffcde1b0000 - 0x00007ffcde556000 	C:\WINDOWS\System32\KERNELBASE.dll
0x00007ffcde730000 - 0x00007ffcde841000 	C:\WINDOWS\System32\ucrtbase.dll
0x00007ffcd3f50000 - 0x00007ffcd3f6b000 	C:\Program Files\Java\jdk-21\bin\VCRUNTIME140.dll
0x00007ffcca450000 - 0x00007ffcca469000 	C:\Program Files\Java\jdk-21\bin\jli.dll
0x00007ffcde940000 - 0x00007ffcde9f3000 	C:\WINDOWS\System32\ADVAPI32.dll
0x00007ffcdec40000 - 0x00007ffcdece7000 	C:\WINDOWS\System32\msvcrt.dll
0x00007ffcdef20000 - 0x00007ffcdefc8000 	C:\WINDOWS\System32\sechost.dll
0x00007ffcde700000 - 0x00007ffcde728000 	C:\WINDOWS\System32\bcrypt.dll
0x00007ffcdea30000 - 0x00007ffcdeb47000 	C:\WINDOWS\System32\RPCRT4.dll
0x00007ffcdf780000 - 0x00007ffcdf92e000 	C:\WINDOWS\System32\USER32.dll
0x00007ffcde6d0000 - 0x00007ffcde6f6000 	C:\WINDOWS\System32\win32u.dll
0x00007ffcdefd0000 - 0x00007ffcdeff9000 	C:\WINDOWS\System32\GDI32.dll
0x00007ffcde090000 - 0x00007ffcde1a8000 	C:\WINDOWS\System32\gdi32full.dll
0x00007ffcddff0000 - 0x00007ffcde08a000 	C:\WINDOWS\System32\msvcp_win.dll
0x00007ffcc9f40000 - 0x00007ffcca1d3000 	C:\WINDOWS\WinSxS\amd64_microsoft.windows.common-controls_6595b64144ccf1df_6.0.22621.2506_none_270c5ae97388e100\COMCTL32.dll
0x00007ffcd6ce0000 - 0x00007ffcd6cea000 	C:\WINDOWS\SYSTEM32\VERSION.dll
0x00007ffcdfa80000 - 0x00007ffcdfab1000 	C:\WINDOWS\System32\IMM32.DLL
0x00007ffcdaa40000 - 0x00007ffcdaa4c000 	C:\Program Files\Java\jdk-21\bin\vcruntime140_1.dll
0x00007ffcaec70000 - 0x00007ffcaecfe000 	C:\Program Files\Java\jdk-21\bin\msvcp140.dll
0x00007ffc53f70000 - 0x00007ffc54c85000 	C:\Program Files\Java\jdk-21\bin\server\jvm.dll
0x00007ffcdf270000 - 0x00007ffcdf2e1000 	C:\WINDOWS\System32\WS2_32.dll
0x00007ffcdde10000 - 0x00007ffcdde5d000 	C:\WINDOWS\SYSTEM32\POWRPROF.dll
0x00007ffcd62e0000 - 0x00007ffcd6314000 	C:\WINDOWS\SYSTEM32\WINMM.dll
0x00007ffcddde0000 - 0x00007ffcdddf3000 	C:\WINDOWS\SYSTEM32\UMPDC.dll
0x00007ffcdcf60000 - 0x00007ffcdcf78000 	C:\WINDOWS\SYSTEM32\kernel.appcore.dll
0x00007ffcca500000 - 0x00007ffcca50a000 	C:\Program Files\Java\jdk-21\bin\jimage.dll
0x00007ffcdb8b0000 - 0x00007ffcdbae3000 	C:\WINDOWS\SYSTEM32\DBGHELP.DLL
0x00007ffcdffc0000 - 0x00007ffce0349000 	C:\WINDOWS\System32\combase.dll
0x00007ffcdfb90000 - 0x00007ffcdfc67000 	C:\WINDOWS\System32\OLEAUT32.dll
0x00007ffcd67f0000 - 0x00007ffcd6822000 	C:\WINDOWS\SYSTEM32\dbgcore.DLL
0x00007ffcde850000 - 0x00007ffcde8ca000 	C:\WINDOWS\System32\bcryptPrimitives.dll
0x00007ffcca4e0000 - 0x00007ffcca4ff000 	C:\Program Files\Java\jdk-21\bin\java.dll

dbghelp: loaded successfully - version: 4.0.5 - missing functions: none
symbol engine: initialized successfully - sym options: 0x614 - pdb path: .;C:\Program Files\Java\jdk-21\bin;C:\WINDOWS\SYSTEM32;C:\WINDOWS\WinSxS\amd64_microsoft.windows.common-controls_6595b64144ccf1df_6.0.22621.2506_none_270c5ae97388e100;C:\Program Files\Java\jdk-21\bin\server

VM Arguments:
jvm_args: -Dfile.encoding=UTF-8 -Dstdout.encoding=UTF-8 -Dstderr.encoding=UTF-8 -XX:+ShowCodeDetailsInExceptionMessages 
java_command: com.eomcs.lang.ex02.Exam0300
java_class_path (initial): C:\Users\SOLLL\git\Mystudy\java-basic\app\bin\main;C:\Users\SOLLL\.gradle\caches\modules-2\files-2.1\com.drewnoakes\metadata-extractor\2.19.0\4d3ab42dd9965b8f2b8bd1b7572e028d6f90a34f\metadata-extractor-2.19.0.jar;C:\Users\SOLLL\.gradle\caches\modules-2\files-2.1\com.google.code.gson\gson\2.10.1\b3add478d4382b78ea20b1671390a858002feb6c\gson-2.10.1.jar;C:\Users\SOLLL\.gradle\caches\modules-2\files-2.1\com.fasterxml.jackson.core\jackson-annotations\2.16.1\fd441d574a71e7d10a4f73de6609f881d8cdfeec\jackson-annotations-2.16.1.jar;C:\Users\SOLLL\.gradle\caches\modules-2\files-2.1\com.fasterxml.jackson.core\jackson-core\2.16.1\9456bb3cdd0f79f91a5f730a1b1bb041a380c91f\jackson-core-2.16.1.jar;C:\Users\SOLLL\.gradle\caches\modules-2\files-2.1\com.fasterxml.jackson.core\jackson-databind\2.16.1\2a16efeb840c45af1e2f31753dfe76795278b73\jackson-databind-2.16.1.jar;C:\Users\SOLLL\.gradle\caches\modules-2\files-2.1\com.google.guava\guava\32.1.1-jre\ad575652d84153075dd41ec6177ccb15251262b2\guava-32.1.1-jre.jar;C:\Users\SOLLL\.gradle\caches\modules-2\files-2.1\com.adobe.xmp\xmpcore\6.1.11\852f14101381e527e6d43339d7db1698c970436c\xmpcore-6.1.11.jar;C:\Users\SOLLL\.gradle\caches\modules-2\files-2.1\com.google.guava\failureaccess\1.0.1\1dcf1de382a0bf95a3d8b0849546c88bac1292c9\failureaccess-1.0.1.jar;C:\Users\SOLLL\.gradle\caches\modules-2\files-2.1\com.google.code.findbugs\jsr305\3.0.2\25ea2e8b0c338a877313bd4672d3fe056ea78f0d\jsr305-3.0.2.jar;C:\Users\SOLLL\.gradle\caches\modules-2\files-2.1\org.checkerframework\checker-qual\3.33.0\de2b60b62da487644fc11f734e73c8b0b431238f\checker-qual-3.33.0.jar;C:\Users\SOLLL\.gradle\caches\modules-2\files-2.1\com.google.errorprone\error_prone_annotations\2.18.0\89b684257096f548fa39a7df9fdaa409d4d4df91\error_prone_annotations-2.18.0.jar;C:\Users\SOLLL\.gradle\caches\modules-2\files-2.1\com.google.j2objc\j2objc-annotations\2.8\c85270e307e7b822f1086b93689124b89768e273\j2objc-annotations-2.8.jar
Launcher Type: SUN_STANDARD

[Global flags]
     intx CICompilerCount                          = 4                                         {product} {ergonomic}
     uint ConcGCThreads                            = 2                                         {product} {ergonomic}
     uint G1ConcRefinementThreads                  = 8                                         {product} {ergonomic}
   size_t G1HeapRegionSize                         = 2097152                                   {product} {ergonomic}
    uintx GCDrainStackTargetSize                   = 64                                        {product} {ergonomic}
   size_t InitialHeapSize                          = 266338304                                 {product} {ergonomic}
   size_t MarkStackSize                            = 4194304                                   {product} {ergonomic}
   size_t MaxHeapSize                              = 4242538496                                {product} {ergonomic}
   size_t MinHeapDeltaBytes                        = 2097152                                   {product} {ergonomic}
   size_t MinHeapSize                              = 8388608                                   {product} {ergonomic}
    uintx NonNMethodCodeHeapSize                   = 5839372                                {pd product} {ergonomic}
    uintx NonProfiledCodeHeapSize                  = 122909434                              {pd product} {ergonomic}
    uintx ProfiledCodeHeapSize                     = 122909434                              {pd product} {ergonomic}
    uintx ReservedCodeCacheSize                    = 251658240                              {pd product} {ergonomic}
     bool SegmentedCodeCache                       = true                                      {product} {ergonomic}
     bool ShowCodeDetailsInExceptionMessages       = true                                   {manageable} {command line}
   size_t SoftMaxHeapSize                          = 4242538496                             {manageable} {ergonomic}
     bool UseCompressedOops                        = true                           {product lp64_product} {ergonomic}
     bool UseG1GC                                  = true                                      {product} {ergonomic}
     bool UseLargePagesIndividualAllocation        = false                                  {pd product} {ergonomic}

Logging:
Log output configuration:
 #0: stdout all=warning uptime,level,tags foldmultilines=false
 #1: stderr all=off uptime,level,tags foldmultilines=false

Environment Variables:
JAVA_HOME=C:\Program Files\Java\jdk-21
CLASSPATH=C:\Program Files\Java\jdk-21\lib
PATH=C:/Program Files/Java/jdk-21/bin/server;C:/Program Files/Java/jdk-21/bin;C:\Program Files\Java\jdk-21\bin;C:\Program Files\Common Files\Oracle\Java\javapath;C:\Program Files (x86)\Common Files\Intel\Shared Libraries\redist\intel64\compiler;C:\WINDOWS\system32;C:\WINDOWS;C:\WINDOWS\System32\Wbem;C:\WINDOWS\System32\WindowsPowerShell\v1.0\;C:\WINDOWS\System32\OpenSSH\;C:\Program Files (x86)\Yarn\bin\;C:\Users\SOLLL\AppData\Roaming\nvm;C:\Program Files\nodejs;C:\Users\SOLLL\AppData\Local\Yarn\bin;C:\Program Files\Git\cmd;C:\Program Files\nodejs\;C:\MinGW\bin;C:\Users\SOLLL\gradle\gradle-8.5\bin;C:\tools\gradle-8.5\bin;C:\Program Files\Java\jdk-21\bin;$GRADLE_HOME\bin;C:\Users\SOLLL\AppData\Local\Microsoft\WindowsApps;C:\Program Files\Bandizip\;C:\Users\SOLLL\AppData\Local\Yarn\bin;C:\Users\SOLLL\AppData\Roaming\nvm;C:\Program Files\nodejs;C:\Users\SOLLL\AppData\Local\Programs\Microsoft VS Code\bin;C:\Users\SOLLL\AppData\Roaming\npm;C:\Users\SOLLL\Desktop;
USERNAME=SOLLL
OS=Windows_NT
PROCESSOR_IDENTIFIER=Intel64 Family 6 Model 142 Stepping 11, GenuineIntel
TMP=C:\Users\SOLLL\AppData\Local\Temp
TEMP=C:\Users\SOLLL\AppData\Local\Temp




Periodic native trim disabled

---------------  S Y S T E M  ---------------

OS:
 Windows 11 , 64 bit Build 22621 (10.0.22621.2506)
OS uptime: 2 days 12:17 hours

CPU: total 8 (initial active 8) (4 cores per cpu, 2 threads per core) family 6 model 142 stepping 11 microcode 0xde, cx8, cmov, fxsr, ht, mmx, 3dnowpref, sse, sse2, sse3, ssse3, sse4.1, sse4.2, popcnt, lzcnt, tsc, tscinvbit, avx, avx2, aes, erms, clmul, bmi1, bmi2, adx, fma, vzeroupper, clflush, clflushopt, rdtscp, f16c
Processor Information for all 8 processors :
  Max Mhz: 1800, Current Mhz: 1600, Mhz Limit: 1584

Memory: 4k page, system-wide physical 16178M (2271M free)
TotalPageFile size 44571M (AvailPageFile size 5M)
current process WorkingSet (physical memory assigned to process): 11M, peak: 11M
current process commit charge ("private bytes"): 60M, peak: 314M

vm_info: Java HotSpot(TM) 64-Bit Server VM (21.0.1+12-LTS-29) for windows-amd64 JRE (21.0.1+12-LTS-29), built on 2023-10-05T13:27:09Z by "mach5one" with MS VC++ 17.1 (VS2022)

END.
